<task-start />
<task-start><task runnerID="xUnit" ProjectId="697F5F53-AEB2-4284-AA79-90E7368C55E6" /></task-start>
<task-create><task runnerID="xUnit" ProjectId="697F5F53-AEB2-4284-AA79-90E7368C55E6" TypeName="Foo.TheoryWithInvalidParameters" MethodName="TestMethod" TheoryName="TestMethod(value1: 12, value2: ???)" /></task-create>
<task-create><task runnerID="xUnit" ProjectId="697F5F53-AEB2-4284-AA79-90E7368C55E6" TypeName="Foo.TheoryWithInvalidParameters" MethodName="TestMethod" TheoryName="TestMethod(value1: 42, value2: ???)" /></task-create>
<task-start><task runnerID="xUnit" ProjectId="697F5F53-AEB2-4284-AA79-90E7368C55E6" TypeName="Foo.TheoryWithInvalidParameters" Explicitly="False"><knownChildren><Child>TestMethod</Child></knownChildren></task></task-start>
<task-start><task runnerID="xUnit" ProjectId="697F5F53-AEB2-4284-AA79-90E7368C55E6" TypeName="Foo.TheoryWithInvalidParameters" MethodName="TestMethod" Explicitly="False" Dynamic="False" /></task-start>
<task-start><task runnerID="xUnit" ProjectId="697F5F53-AEB2-4284-AA79-90E7368C55E6" TypeName="Foo.TheoryWithInvalidParameters" MethodName="TestMethod" TheoryName="TestMethod(value1: 42, value2: ???)" /></task-start>
<task-exception type="System.InvalidOperationException"><task runnerID="xUnit" ProjectId="697F5F53-AEB2-4284-AA79-90E7368C55E6" TypeName="Foo.TheoryWithInvalidParameters" MethodName="TestMethod" TheoryName="TestMethod(value1: 42, value2: ???)" /><message>The test method expected 2 parameter values, but 1 parameter value was provided.</message><stack-trace></stack-trace></task-exception>
<task-duration><task runnerID="xUnit" ProjectId="697F5F53-AEB2-4284-AA79-90E7368C55E6" TypeName="Foo.TheoryWithInvalidParameters" MethodName="TestMethod" TheoryName="TestMethod(value1: 42, value2: ???)" /></task-duration>
<task-finish result="Exception"><task runnerID="xUnit" ProjectId="697F5F53-AEB2-4284-AA79-90E7368C55E6" TypeName="Foo.TheoryWithInvalidParameters" MethodName="TestMethod" TheoryName="TestMethod(value1: 42, value2: ???)" /><message>System.InvalidOperationException: The test method expected 2 parameter values, but 1 parameter value was provided.</message></task-finish>
<task-start><task runnerID="xUnit" ProjectId="697F5F53-AEB2-4284-AA79-90E7368C55E6" TypeName="Foo.TheoryWithInvalidParameters" MethodName="TestMethod" TheoryName="TestMethod(value1: 12, value2: ???)" /></task-start>
<task-exception type="System.InvalidOperationException"><task runnerID="xUnit" ProjectId="697F5F53-AEB2-4284-AA79-90E7368C55E6" TypeName="Foo.TheoryWithInvalidParameters" MethodName="TestMethod" TheoryName="TestMethod(value1: 12, value2: ???)" /><message>The test method expected 2 parameter values, but 1 parameter value was provided.</message><stack-trace></stack-trace></task-exception>
<task-duration><task runnerID="xUnit" ProjectId="697F5F53-AEB2-4284-AA79-90E7368C55E6" TypeName="Foo.TheoryWithInvalidParameters" MethodName="TestMethod" TheoryName="TestMethod(value1: 12, value2: ???)" /></task-duration>
<task-finish result="Exception"><task runnerID="xUnit" ProjectId="697F5F53-AEB2-4284-AA79-90E7368C55E6" TypeName="Foo.TheoryWithInvalidParameters" MethodName="TestMethod" TheoryName="TestMethod(value1: 12, value2: ???)" /><message>System.InvalidOperationException: The test method expected 2 parameter values, but 1 parameter value was provided.</message></task-finish>
<task-duration><task runnerID="xUnit" ProjectId="697F5F53-AEB2-4284-AA79-90E7368C55E6" TypeName="Foo.TheoryWithInvalidParameters" MethodName="TestMethod" Explicitly="False" Dynamic="False" /></task-duration>
<task-finish result="Exception"><task runnerID="xUnit" ProjectId="697F5F53-AEB2-4284-AA79-90E7368C55E6" TypeName="Foo.TheoryWithInvalidParameters" MethodName="TestMethod" Explicitly="False" Dynamic="False" /><message>One or more child tests failed</message></task-finish>
<task-duration><task runnerID="xUnit" ProjectId="697F5F53-AEB2-4284-AA79-90E7368C55E6" TypeName="Foo.TheoryWithInvalidParameters" Explicitly="False"><knownChildren><Child>TestMethod</Child></knownChildren></task></task-duration>
<task-finish result="Exception"><task runnerID="xUnit" ProjectId="697F5F53-AEB2-4284-AA79-90E7368C55E6" TypeName="Foo.TheoryWithInvalidParameters" Explicitly="False"><knownChildren><Child>TestMethod</Child></knownChildren></task><message>One or more child tests failed</message></task-finish>
<task-finish result="Success" />
