<task-start />
<task-start><task runnerID="xUnit" ProjectId="697F5F53-AEB2-4284-AA79-90E7368C55E6" /></task-start>
<task-start><task runnerID="xUnit" ProjectId="697F5F53-AEB2-4284-AA79-90E7368C55E6" TypeName="Foo.TheoryWithInvalidParameters" Explicitly="False"><knownChildren><Child>TestMethod</Child></knownChildren></task></task-start>
<task-start><task runnerID="xUnit" ProjectId="697F5F53-AEB2-4284-AA79-90E7368C55E6" TypeName="Foo.TheoryWithInvalidParameters" MethodName="TestMethod" Explicitly="False" Dynamic="False" /></task-start>
<task-create><task runnerID="xUnit" ProjectId="697F5F53-AEB2-4284-AA79-90E7368C55E6" TypeName="Foo.TheoryWithInvalidParameters" MethodName="TestMethod" TheoryName="TestMethod(value1: 12, value2: ???)" /></task-create>
<task-start><task runnerID="xUnit" ProjectId="697F5F53-AEB2-4284-AA79-90E7368C55E6" TypeName="Foo.TheoryWithInvalidParameters" MethodName="TestMethod" TheoryName="TestMethod(value1: 12, value2: ???)" /></task-start>
<task-exception type="System.InvalidOperationException"><task runnerID="xUnit" ProjectId="697F5F53-AEB2-4284-AA79-90E7368C55E6" TypeName="Foo.TheoryWithInvalidParameters" MethodName="TestMethod" TheoryName="TestMethod(value1: 12, value2: ???)" /><message>Expected 2 parameters, got 1 parameters</message><stack-trace>   at Xunit.Extensions.TheoryCommand.Execute(Object testClass)</stack-trace></task-exception>
<task-duration><task runnerID="xUnit" ProjectId="697F5F53-AEB2-4284-AA79-90E7368C55E6" TypeName="Foo.TheoryWithInvalidParameters" MethodName="TestMethod" TheoryName="TestMethod(value1: 12, value2: ???)" /></task-duration>
<task-finish result="Exception"><task runnerID="xUnit" ProjectId="697F5F53-AEB2-4284-AA79-90E7368C55E6" TypeName="Foo.TheoryWithInvalidParameters" MethodName="TestMethod" TheoryName="TestMethod(value1: 12, value2: ???)" /><message>System.InvalidOperationException: Expected 2 parameters, got 1 parameters</message></task-finish>
<task-create><task runnerID="xUnit" ProjectId="697F5F53-AEB2-4284-AA79-90E7368C55E6" TypeName="Foo.TheoryWithInvalidParameters" MethodName="TestMethod" TheoryName="TestMethod(value1: 42, value2: ???)" /></task-create>
<task-start><task runnerID="xUnit" ProjectId="697F5F53-AEB2-4284-AA79-90E7368C55E6" TypeName="Foo.TheoryWithInvalidParameters" MethodName="TestMethod" TheoryName="TestMethod(value1: 42, value2: ???)" /></task-start>
<task-exception type="System.InvalidOperationException"><task runnerID="xUnit" ProjectId="697F5F53-AEB2-4284-AA79-90E7368C55E6" TypeName="Foo.TheoryWithInvalidParameters" MethodName="TestMethod" TheoryName="TestMethod(value1: 42, value2: ???)" /><message>Expected 2 parameters, got 1 parameters</message><stack-trace>   at Xunit.Extensions.TheoryCommand.Execute(Object testClass)</stack-trace></task-exception>
<task-duration><task runnerID="xUnit" ProjectId="697F5F53-AEB2-4284-AA79-90E7368C55E6" TypeName="Foo.TheoryWithInvalidParameters" MethodName="TestMethod" TheoryName="TestMethod(value1: 42, value2: ???)" /></task-duration>
<task-finish result="Exception"><task runnerID="xUnit" ProjectId="697F5F53-AEB2-4284-AA79-90E7368C55E6" TypeName="Foo.TheoryWithInvalidParameters" MethodName="TestMethod" TheoryName="TestMethod(value1: 42, value2: ???)" /><message>System.InvalidOperationException: Expected 2 parameters, got 1 parameters</message></task-finish>
<task-duration><task runnerID="xUnit" ProjectId="697F5F53-AEB2-4284-AA79-90E7368C55E6" TypeName="Foo.TheoryWithInvalidParameters" MethodName="TestMethod" Explicitly="False" Dynamic="False" /></task-duration>
<task-finish result="Exception"><task runnerID="xUnit" ProjectId="697F5F53-AEB2-4284-AA79-90E7368C55E6" TypeName="Foo.TheoryWithInvalidParameters" MethodName="TestMethod" Explicitly="False" Dynamic="False" /><message>One or more child tests failed</message></task-finish>
<task-duration><task runnerID="xUnit" ProjectId="697F5F53-AEB2-4284-AA79-90E7368C55E6" TypeName="Foo.TheoryWithInvalidParameters" Explicitly="False"><knownChildren><Child>TestMethod</Child></knownChildren></task></task-duration>
<task-finish result="Exception"><task runnerID="xUnit" ProjectId="697F5F53-AEB2-4284-AA79-90E7368C55E6" TypeName="Foo.TheoryWithInvalidParameters" Explicitly="False"><knownChildren><Child>TestMethod</Child></knownChildren></task><message>One or more child tests failed</message></task-finish>
<task-finish result="Success" />
